d:\qt_temp\qtapplication7\qtapplication7\x64\debug\vc142.pdb
d:\qt_temp\qtapplication7\qtapplication7\x64\debug\main.obj
d:\qt_temp\qtapplication7\qtapplication7\x64\debug\algorithm.obj
d:\qt_temp\qtapplication7\qtapplication7\x64\debug\pixelset.obj
d:\qt_temp\qtapplication7\qtapplication7\x64\debug\drawpixelset.obj
d:\qt_temp\qtapplication7\qtapplication7\x64\debug\moc_drawpixelset.obj
d:\qt_temp\qtapplication7\x64\debug\qtapplication7.ilk
d:\qt_temp\qtapplication7\x64\debug\qtapplication7.exe
d:\qt_temp\qtapplication7\x64\debug\qtapplication7.pdb
d:\qt_temp\qtapplication7\qtapplication7\x64\debug\moc\moc_drawpixelset.cpp
d:\qt_temp\qtapplication7\qtapplication7\x64\debug\uic\ui_drawpixelset.h
d:\qt_temp\qtapplication7\qtapplication7\x64\debug\qtapplication7.tlog\cl.command.1.tlog
d:\qt_temp\qtapplication7\qtapplication7\x64\debug\qtapplication7.tlog\cl.read.1.tlog
d:\qt_temp\qtapplication7\qtapplication7\x64\debug\qtapplication7.tlog\cl.write.1.tlog
d:\qt_temp\qtapplication7\qtapplication7\x64\debug\qtapplication7.tlog\link.command.1.tlog
d:\qt_temp\qtapplication7\qtapplication7\x64\debug\qtapplication7.tlog\link.read.1.tlog
d:\qt_temp\qtapplication7\qtapplication7\x64\debug\qtapplication7.tlog\link.write.1.tlog
d:\qt_temp\qtapplication7\qtapplication7\x64\debug\qtapplication7.tlog\moc.read.1u.tlog
d:\qt_temp\qtapplication7\qtapplication7\x64\debug\qtapplication7.tlog\moc.write.1u.tlog
d:\qt_temp\qtapplication7\qtapplication7\x64\debug\qtapplication7.tlog\qtapplication7.write.1u.tlog
d:\qt_temp\qtapplication7\qtapplication7\x64\debug\qtapplication7.tlog\uic.read.1u.tlog
d:\qt_temp\qtapplication7\qtapplication7\x64\debug\qtapplication7.tlog\uic.write.1u.tlog
